<?xml version="1.0" encoding="UTF-8"?>
<!-- Generated by org.testng.reporters.JUnitReportReporter -->
<testsuite hostname="DESKTOP-0LKK15B" failures="0" tests="8" name="gladiator.NewTest" time="409.314" errors="0" timestamp="05 Oct 2021 02:53:12 GMT" skipped="0">
  <testcase classname="gladiator.NewTest" name="TC44" time="31.572"/>
  <testcase classname="gladiator.NewTest" name="TC45" time="39.832"/>
  <testcase classname="gladiator.NewTest" name="TC46" time="30.564"/>
  <testcase classname="gladiator.NewTest" name="TC47" time="60.038"/>
  <testcase classname="gladiator.NewTest" name="TC48" time="59.216"/>
  <testcase classname="gladiator.NewTest" name="TC49" time="59.280"/>
  <testcase classname="gladiator.NewTest" name="TC50" time="59.200"/>
  <testcase classname="gladiator.NewTest" name="TC51" time="69.612"/>
</testsuite> <!-- gladiator.NewTest -->
